[debug] [2021-11-17T05:29:59.474Z] ----------------------------------------------------------------------
[debug] [2021-11-17T05:29:59.476Z] Command:       /usr/local/bin/firebase /Users/allon/.cache/firebase/tools/lib/node_modules/firebase-tools/lib/bin/firebase init
[debug] [2021-11-17T05:29:59.476Z] CLI Version:   9.22.0
[debug] [2021-11-17T05:29:59.476Z] Platform:      darwin
[debug] [2021-11-17T05:29:59.476Z] Node Version:  v12.18.1
[debug] [2021-11-17T05:29:59.477Z] Time:          Wed Nov 17 2021 00:29:59 GMT-0500 (Eastern Standard Time)
[debug] [2021-11-17T05:29:59.477Z] ----------------------------------------------------------------------
[debug] 
[debug] [2021-11-17T05:29:59.484Z] > command requires scopes: ["email","openid","https://www.googleapis.com/auth/cloudplatformprojects.readonly","https://www.googleapis.com/auth/firebase","https://www.googleapis.com/auth/cloud-platform"]
[debug] [2021-11-17T05:29:59.484Z] > authorizing via signed-in user (allonahmed@mec.science)
[info] 
     ######## #### ########  ######## ########     ###     ######  ########
     ##        ##  ##     ## ##       ##     ##  ##   ##  ##       ##
     ######    ##  ########  ######   ########  #########  ######  ######
     ##        ##  ##    ##  ##       ##     ## ##     ##       ## ##
     ##       #### ##     ## ######## ########  ##     ##  ######  ########

You're about to initialize a Firebase project in this directory:

  /Users/allon/soween

[info] 
=== Project Setup
[info] 
[info] First, let's associate this project directory with a Firebase project.
[info] You can create multiple project aliases by running firebase use --add, 
[info] but for now we'll just set up a default project.
[info] 
[info] i  If you want to create a project in a Google Cloud organization or folder, please use "firebase projects:create" instead, and return to this command when you've created the project. 
[debug] [2021-11-17T05:30:39.535Z] > refreshing access token with scopes: ["email","https://www.googleapis.com/auth/cloud-platform","https://www.googleapis.com/auth/cloudplatformprojects.readonly","https://www.googleapis.com/auth/firebase","openid"]
[debug] [2021-11-17T05:30:39.536Z] >>> HTTP REQUEST POST https://www.googleapis.com/oauth2/v3/token  
 <request body omitted>
[debug] [2021-11-17T05:30:39.726Z] <<< HTTP RESPONSE 200 {"expires":"Mon, 01 Jan 1990 00:00:00 GMT","cache-control":"no-cache, no-store, max-age=0, must-revalidate","pragma":"no-cache","date":"Wed, 17 Nov 2021 05:30:39 GMT","content-type":"application/json; charset=utf-8","vary":"X-Origin, Referer, Origin,Accept-Encoding","server":"scaffolding on HTTPServer2","x-xss-protection":"0","x-frame-options":"SAMEORIGIN","x-content-type-options":"nosniff","alt-svc":"h3=\":443\"; ma=2592000,h3-29=\":443\"; ma=2592000,h3-Q050=\":443\"; ma=2592000,h3-Q046=\":443\"; ma=2592000,h3-Q043=\":443\"; ma=2592000,quic=\":443\"; ma=2592000; v=\"46,43\"","accept-ranges":"none","transfer-encoding":"chunked"}
[debug] [2021-11-17T05:30:39.779Z] >>> HTTP REQUEST POST https://cloudresourcemanager.googleapis.com/v1/projects  
 {"projectId":"soweenhs","name":"soweenhs"}
[debug] [2021-11-17T05:30:40.362Z] <<< HTTP RESPONSE 200 {"content-type":"application/json; charset=UTF-8","vary":"X-Origin, Referer, Origin,Accept-Encoding","date":"Wed, 17 Nov 2021 05:30:40 GMT","server":"ESF","cache-control":"private","x-xss-protection":"0","x-frame-options":"SAMEORIGIN","x-content-type-options":"nosniff","server-timing":"gfet4t7; dur=284","alt-svc":"h3=\":443\"; ma=2592000,h3-29=\":443\"; ma=2592000,h3-Q050=\":443\"; ma=2592000,h3-Q046=\":443\"; ma=2592000,h3-Q043=\":443\"; ma=2592000,quic=\":443\"; ma=2592000; v=\"46,43\"","accept-ranges":"none","transfer-encoding":"chunked"}
[debug] [2021-11-17T05:30:40.367Z] > refreshing access token with scopes: []
[debug] [2021-11-17T05:30:40.368Z] >>> HTTP REQUEST POST https://www.googleapis.com/oauth2/v3/token  
 <request body omitted>
[debug] [2021-11-17T05:30:40.506Z] <<< HTTP RESPONSE 200 {"date":"Wed, 17 Nov 2021 05:30:40 GMT","cache-control":"no-cache, no-store, max-age=0, must-revalidate","expires":"Mon, 01 Jan 1990 00:00:00 GMT","pragma":"no-cache","content-type":"application/json; charset=utf-8","vary":"X-Origin, Referer, Origin,Accept-Encoding","server":"scaffolding on HTTPServer2","x-xss-protection":"0","x-frame-options":"SAMEORIGIN","x-content-type-options":"nosniff","alt-svc":"h3=\":443\"; ma=2592000,h3-29=\":443\"; ma=2592000,h3-Q050=\":443\"; ma=2592000,h3-Q046=\":443\"; ma=2592000,h3-Q043=\":443\"; ma=2592000,quic=\":443\"; ma=2592000; v=\"46,43\"","accept-ranges":"none","transfer-encoding":"chunked"}
[debug] [2021-11-17T05:30:40.557Z] >>> [apiv2][query] GET https://cloudresourcemanager.googleapis.com/v1/operations/cp.4662191706787782671 [none]
[debug] [2021-11-17T05:30:40.975Z] <<< [apiv2][status] GET https://cloudresourcemanager.googleapis.com/v1/operations/cp.4662191706787782671 200
[debug] [2021-11-17T05:30:40.976Z] <<< [apiv2][body] GET https://cloudresourcemanager.googleapis.com/v1/operations/cp.4662191706787782671 {"name":"operations/cp.4662191706787782671"}
[debug] [2021-11-17T05:30:41.483Z] [Project Creation Poller] Retrying task index 0
[debug] [2021-11-17T05:30:41.486Z] >>> [apiv2][query] GET https://cloudresourcemanager.googleapis.com/v1/operations/cp.4662191706787782671 [none]
[debug] [2021-11-17T05:30:41.906Z] <<< [apiv2][status] GET https://cloudresourcemanager.googleapis.com/v1/operations/cp.4662191706787782671 200
[debug] [2021-11-17T05:30:41.906Z] <<< [apiv2][body] GET https://cloudresourcemanager.googleapis.com/v1/operations/cp.4662191706787782671 {"name":"operations/cp.4662191706787782671"}
[debug] [2021-11-17T05:30:42.910Z] [Project Creation Poller] Retrying task index 0
[debug] [2021-11-17T05:30:42.912Z] >>> [apiv2][query] GET https://cloudresourcemanager.googleapis.com/v1/operations/cp.4662191706787782671 [none]
[debug] [2021-11-17T05:30:43.439Z] <<< [apiv2][status] GET https://cloudresourcemanager.googleapis.com/v1/operations/cp.4662191706787782671 200
[debug] [2021-11-17T05:30:43.440Z] <<< [apiv2][body] GET https://cloudresourcemanager.googleapis.com/v1/operations/cp.4662191706787782671 {"name":"operations/cp.4662191706787782671","metadata":{"@type":"type.googleapis.com/google.cloudresourcemanager.v1.ProjectCreationStatus","gettable":true}}
[debug] [2021-11-17T05:30:45.446Z] [Project Creation Poller] Retrying task index 0
[debug] [2021-11-17T05:30:45.448Z] >>> [apiv2][query] GET https://cloudresourcemanager.googleapis.com/v1/operations/cp.4662191706787782671 [none]
[debug] [2021-11-17T05:30:45.891Z] <<< [apiv2][status] GET https://cloudresourcemanager.googleapis.com/v1/operations/cp.4662191706787782671 200
[debug] [2021-11-17T05:30:45.892Z] <<< [apiv2][body] GET https://cloudresourcemanager.googleapis.com/v1/operations/cp.4662191706787782671 {"name":"operations/cp.4662191706787782671","metadata":{"@type":"type.googleapis.com/google.cloudresourcemanager.v1.ProjectCreationStatus","gettable":true,"ready":true},"done":true,"response":{"@type":"type.googleapis.com/google.cloudresourcemanager.v1.Project","projectNumber":"615531372326","projectId":"soweenhs","lifecycleState":"ACTIVE","name":"soweenhs","createTime":"2021-11-17T05:30:40.091Z","parent":{"type":"organization","id":"815476495543"}}}
[debug] [2021-11-17T05:30:45.895Z] > refreshing access token with scopes: ["email","https://www.googleapis.com/auth/cloud-platform","https://www.googleapis.com/auth/cloudplatformprojects.readonly","https://www.googleapis.com/auth/firebase","openid"]
[debug] [2021-11-17T05:30:45.895Z] >>> HTTP REQUEST POST https://www.googleapis.com/oauth2/v3/token  
 <request body omitted>
[debug] [2021-11-17T05:30:46.022Z] <<< HTTP RESPONSE 200 {"cache-control":"no-cache, no-store, max-age=0, must-revalidate","date":"Wed, 17 Nov 2021 05:30:46 GMT","expires":"Mon, 01 Jan 1990 00:00:00 GMT","pragma":"no-cache","content-type":"application/json; charset=utf-8","vary":"X-Origin, Referer, Origin,Accept-Encoding","server":"scaffolding on HTTPServer2","x-xss-protection":"0","x-frame-options":"SAMEORIGIN","x-content-type-options":"nosniff","alt-svc":"h3=\":443\"; ma=2592000,h3-29=\":443\"; ma=2592000,h3-Q050=\":443\"; ma=2592000,h3-Q046=\":443\"; ma=2592000,h3-Q043=\":443\"; ma=2592000,quic=\":443\"; ma=2592000; v=\"46,43\"","accept-ranges":"none","transfer-encoding":"chunked"}
[debug] [2021-11-17T05:30:46.070Z] >>> HTTP REQUEST POST https://firebase.googleapis.com/v1beta1/projects/soweenhs:addFirebase  
 
[debug] [2021-11-17T05:30:46.711Z] <<< HTTP RESPONSE 403 {"vary":"X-Origin, Referer, Origin,Accept-Encoding","content-type":"application/json; charset=UTF-8","date":"Wed, 17 Nov 2021 05:30:46 GMT","server":"ESF","cache-control":"private","x-xss-protection":"0","x-frame-options":"SAMEORIGIN","x-content-type-options":"nosniff","alt-svc":"h3=\":443\"; ma=2592000,h3-29=\":443\"; ma=2592000,h3-Q050=\":443\"; ma=2592000,h3-Q046=\":443\"; ma=2592000,h3-Q043=\":443\"; ma=2592000,quic=\":443\"; ma=2592000; v=\"46,43\"","accept-ranges":"none","transfer-encoding":"chunked"}
[debug] [2021-11-17T05:30:46.712Z] <<< HTTP RESPONSE BODY {"error":{"code":403,"message":"The caller does not have permission","status":"PERMISSION_DENIED"}}
[debug] [2021-11-17T05:30:46.716Z] HTTP Error: 403, The caller does not have permission
[debug] [2021-11-17T05:30:46.816Z] FirebaseError: HTTP Error: 403, The caller does not have permission
    at module.exports (/Users/allon/.cache/firebase/tools/lib/node_modules/firebase-tools/lib/responseToError.js:38:12)
    at Request._callback (/Users/allon/.cache/firebase/tools/lib/node_modules/firebase-tools/lib/api.js:41:35)
    at Request.self.callback (/Users/allon/.cache/firebase/tools/lib/node_modules/request/request.js:185:22)
    at Request.emit (events.js:315:20)
    at Request.EventEmitter.emit (domain.js:482:12)
    at Request.<anonymous> (/Users/allon/.cache/firebase/tools/lib/node_modules/request/request.js:1154:10)
    at Request.emit (events.js:315:20)
    at Request.EventEmitter.emit (domain.js:482:12)
    at IncomingMessage.<anonymous> (/Users/allon/.cache/firebase/tools/lib/node_modules/request/request.js:1076:12)
    at Object.onceWrapper (events.js:421:28)
    at IncomingMessage.emit (events.js:327:22)
    at IncomingMessage.EventEmitter.emit (domain.js:482:12)
    at endReadableNT (_stream_readable.js:1221:12)
    at processTicksAndRejections (internal/process/task_queues.js:84:21)
[error] 
[error] Error: Failed to add Firebase to Google Cloud Platform project. See firebase-debug.log for more info.
[debug] [2021-11-17T05:38:41.972Z] ----------------------------------------------------------------------
[debug] [2021-11-17T05:38:41.974Z] Command:       /usr/local/bin/firebase /Users/allon/.cache/firebase/tools/lib/node_modules/firebase-tools/lib/bin/firebase init
[debug] [2021-11-17T05:38:41.974Z] CLI Version:   9.22.0
[debug] [2021-11-17T05:38:41.974Z] Platform:      darwin
[debug] [2021-11-17T05:38:41.974Z] Node Version:  v12.18.1
[debug] [2021-11-17T05:38:41.978Z] Time:          Wed Nov 17 2021 00:38:41 GMT-0500 (Eastern Standard Time)
[debug] [2021-11-17T05:38:41.978Z] ----------------------------------------------------------------------
[debug] 
[debug] [2021-11-17T05:38:41.985Z] > command requires scopes: ["email","openid","https://www.googleapis.com/auth/cloudplatformprojects.readonly","https://www.googleapis.com/auth/firebase","https://www.googleapis.com/auth/cloud-platform"]
[debug] [2021-11-17T05:38:41.985Z] > authorizing via signed-in user (allonahmed@mec.science)
[info] 
     ######## #### ########  ######## ########     ###     ######  ########
     ##        ##  ##     ## ##       ##     ##  ##   ##  ##       ##
     ######    ##  ########  ######   ########  #########  ######  ######
     ##        ##  ##    ##  ##       ##     ## ##     ##       ## ##
     ##       #### ##     ## ######## ########  ##     ##  ######  ########

You're about to initialize a Firebase project in this directory:

  /Users/allon/soween

[info] 
=== Project Setup
[info] 
[info] First, let's associate this project directory with a Firebase project.
[info] You can create multiple project aliases by running firebase use --add, 
[info] but for now we'll just set up a default project.
[info] 
[debug] [2021-11-17T05:39:23.003Z] > refreshing access token with scopes: []
[debug] [2021-11-17T05:39:23.004Z] >>> HTTP REQUEST POST https://www.googleapis.com/oauth2/v3/token  
 <request body omitted>
[debug] [2021-11-17T05:39:23.196Z] <<< HTTP RESPONSE 200 {"expires":"Mon, 01 Jan 1990 00:00:00 GMT","cache-control":"no-cache, no-store, max-age=0, must-revalidate","pragma":"no-cache","date":"Wed, 17 Nov 2021 05:39:23 GMT","content-type":"application/json; charset=utf-8","vary":"X-Origin, Referer, Origin,Accept-Encoding","server":"scaffolding on HTTPServer2","x-xss-protection":"0","x-frame-options":"SAMEORIGIN","x-content-type-options":"nosniff","alt-svc":"h3=\":443\"; ma=2592000,h3-29=\":443\"; ma=2592000,h3-Q050=\":443\"; ma=2592000,h3-Q046=\":443\"; ma=2592000,h3-Q043=\":443\"; ma=2592000,quic=\":443\"; ma=2592000; v=\"46,43\"","accept-ranges":"none","transfer-encoding":"chunked"}
[debug] [2021-11-17T05:39:23.244Z] >>> [apiv2][query] GET https://firebase.googleapis.com/v1beta1/projects pageSize=100
[debug] [2021-11-17T05:39:23.844Z] <<< [apiv2][status] GET https://firebase.googleapis.com/v1beta1/projects 200
[debug] [2021-11-17T05:39:23.844Z] <<< [apiv2][body] GET https://firebase.googleapis.com/v1beta1/projects [omitted]
[info] i  Using project soweenhs (soweenhs) 
[info] 
=== Hosting Setup
[info] 
[info] Your public directory is the folder (relative to your project directory) that
[info] will contain Hosting assets to be uploaded with firebase deploy. If you
[info] have a build process for your assets, use your build's output directory.
[info] 
[debug] [2021-11-17T05:40:00.383Z] >>> [apiv2][query] GET https://www.gstatic.com/firebasejs/releases.json [none]
[debug] [2021-11-17T05:40:00.557Z] <<< [apiv2][status] GET https://www.gstatic.com/firebasejs/releases.json 200
[debug] [2021-11-17T05:40:00.557Z] <<< [apiv2][body] GET https://www.gstatic.com/firebasejs/releases.json {"current":{"version":"9.4.1","browserURL":"https://www.gstatic.com/firebasejs/9.4.1/firebase.js","packageURL":"https://www.gstatic.com/firebasejs/9.4.1/firebase.tgz"},"live":{"version":"9.4","browserURL":"https://www.gstatic.com/firebasejs/live/9.4/firebase.js","packageURL":"https://www.gstatic.com/firebasejs/live/9.4/firebase.tgz"},"components":{"analytics":"https://www.gstatic.com/firebasejs/9.4.1/firebase-analytics.js","app":"https://www.gstatic.com/firebasejs/9.4.1/firebase-app.js","app-check":"https://www.gstatic.com/firebasejs/9.4.1/firebase-app-check.js","auth":"https://www.gstatic.com/firebasejs/9.4.1/firebase-auth.js","auth/cordova":"https://www.gstatic.com/firebasejs/9.4.1/firebase-auth/cordova.js","auth/react-native":"https://www.gstatic.com/firebasejs/9.4.1/firebase-auth/react-native.js","functions":"https://www.gstatic.com/firebasejs/9.4.1/firebase-functions.js","firestore":"https://www.gstatic.com/firebasejs/9.4.1/firebase-firestore.js","firestore/lite":"https://www.gstatic.com/firebasejs/9.4.1/firebase-firestore/lite.js","storage":"https://www.gstatic.com/firebasejs/9.4.1/firebase-storage.js","performance":"https://www.gstatic.com/firebasejs/9.4.1/firebase-performance.js","remote-config":"https://www.gstatic.com/firebasejs/9.4.1/firebase-remote-config.js","messaging":"https://www.gstatic.com/firebasejs/9.4.1/firebase-messaging.js","messaging/sw":"https://www.gstatic.com/firebasejs/9.4.1/firebase-messaging/sw.js","database":"https://www.gstatic.com/firebasejs/9.4.1/firebase-database.js","firestore.memory":"https://www.gstatic.com/firebasejs/9.4.1/firebase-firestore.memory.js"}}
[info] ✔  Wrote build/index.html 
[info] 
[info] i  Didn't detect a .git folder. Assuming /Users/allon/soween is the project root. 
[info] i  Authorizing with GitHub to upload your service account to a GitHub repository's secrets store. 
[info] 
[info] Visit this URL on this device to log in:
[info] https://github.com/login/oauth/authorize?client_id=89cf50f02ac6aaed3484&state=594233539&redirect_uri=http%3A%2F%2Flocalhost%3A9005&scope=read%3Auser%20repo%20public_repo
[info] 
[info] Waiting for authentication...
[debug] [2021-11-17T05:41:08.848Z] >>> HTTP REQUEST POST https://github.com/login/oauth/access_token  
 {"client_id":"89cf50f02ac6aaed3484","client_secret":"3330d14abc895d9a74d5f17cd7a00711fa2c5bf0","code":"146417ea6db80fefe4b0","redirect_uri":"http://localhost:9005","state":"594233539"}
[debug] [2021-11-17T05:41:09.067Z] <<< HTTP RESPONSE 200 {"server":"GitHub.com","date":"Wed, 17 Nov 2021 05:41:09 GMT","content-type":"application/json; charset=utf-8","transfer-encoding":"chunked","vary":"X-PJAX, X-PJAX-Container, Accept-Encoding, Accept, X-Requested-With","permissions-policy":"interest-cohort=()","etag":"W/\"a90d03faf49cde307801f009e47f7b08\"","cache-control":"max-age=0, private, must-revalidate","strict-transport-security":"max-age=31536000; includeSubdomains; preload","x-frame-options":"deny","x-content-type-options":"nosniff","x-xss-protection":"0","referrer-policy":"origin-when-cross-origin, strict-origin-when-cross-origin","expect-ct":"max-age=2592000, report-uri=\"https://api.github.com/_private/browser/errors\"","content-security-policy":"default-src 'none'; base-uri 'self'; block-all-mixed-content; child-src github.com/assets-cdn/worker/ gist.github.com/assets-cdn/worker/; connect-src 'self' uploads.github.com objects-origin.githubusercontent.com www.githubstatus.com collector.githubapp.com api.github.com github-cloud.s3.amazonaws.com github-production-repository-file-5c1aeb.s3.amazonaws.com github-production-upload-manifest-file-7fdce7.s3.amazonaws.com github-production-user-asset-6210df.s3.amazonaws.com cdn.optimizely.com logx.optimizely.com/v1/events translator.github.com wss://alive.github.com; font-src github.githubassets.com; form-action 'self' github.com gist.github.com objects-origin.githubusercontent.com; frame-ancestors 'none'; frame-src render.githubusercontent.com viewscreen.githubusercontent.com notebooks.githubusercontent.com; img-src 'self' data: github.githubassets.com identicons.github.com collector.githubapp.com github-cloud.s3.amazonaws.com secured-user-images.githubusercontent.com/ *.githubusercontent.com; manifest-src 'self'; media-src github.com user-images.githubusercontent.com/; script-src github.githubassets.com; style-src 'unsafe-inline' github.githubassets.com; worker-src github.com/assets-cdn/worker/ gist.github.com/assets-cdn/worker/","x-github-request-id":"CF6A:623F:2B2B21:4E99FF:619495F4"}
[debug] [2021-11-17T05:41:09.085Z] >>> [apiv2][query] GET https://api.github.com/user [none]
[debug] [2021-11-17T05:41:09.297Z] <<< [apiv2][status] GET https://api.github.com/user 200
[debug] [2021-11-17T05:41:09.298Z] <<< [apiv2][body] GET https://api.github.com/user {"login":"allonahmed","id":60408089,"node_id":"MDQ6VXNlcjYwNDA4MDg5","avatar_url":"https://avatars.githubusercontent.com/u/60408089?v=4","gravatar_id":"","url":"https://api.github.com/users/allonahmed","html_url":"https://github.com/allonahmed","followers_url":"https://api.github.com/users/allonahmed/followers","following_url":"https://api.github.com/users/allonahmed/following{/other_user}","gists_url":"https://api.github.com/users/allonahmed/gists{/gist_id}","starred_url":"https://api.github.com/users/allonahmed/starred{/owner}{/repo}","subscriptions_url":"https://api.github.com/users/allonahmed/subscriptions","organizations_url":"https://api.github.com/users/allonahmed/orgs","repos_url":"https://api.github.com/users/allonahmed/repos","events_url":"https://api.github.com/users/allonahmed/events{/privacy}","received_events_url":"https://api.github.com/users/allonahmed/received_events","type":"User","site_admin":false,"name":null,"company":null,"blog":"","location":null,"email":null,"hireable":null,"bio":null,"twitter_username":null,"public_repos":22,"public_gists":0,"followers":2,"following":2,"created_at":"2020-01-28T21:00:54Z","updated_at":"2021-07-30T17:29:20Z","private_gists":1,"total_private_repos":2,"owned_private_repos":2,"disk_usage":24205,"collaborators":1,"two_factor_authentication":false,"plan":{"name":"free","space":976562499,"collaborators":0,"private_repos":10000}}
[info] 
[info] ✔  Success! Logged into GitHub as allonahmed 
[info] 
[debug] [2021-11-17T05:41:19.748Z] >>> [apiv2][query] GET https://api.github.com/repos/yes/actions/secrets/public-key type=owner
[debug] [2021-11-17T05:41:19.882Z] <<< [apiv2][status] GET https://api.github.com/repos/yes/actions/secrets/public-key 404
[debug] [2021-11-17T05:41:19.883Z] <<< [apiv2][body] GET https://api.github.com/repos/yes/actions/secrets/public-key {"message":"Not Found","documentation_url":"https://docs.github.com/rest"}
[debug] [2021-11-17T05:41:23.709Z] >>> [apiv2][query] GET https://api.github.com/repos/y/actions/secrets/public-key type=owner
[debug] [2021-11-17T05:41:23.854Z] <<< [apiv2][status] GET https://api.github.com/repos/y/actions/secrets/public-key 404
[debug] [2021-11-17T05:41:23.854Z] <<< [apiv2][body] GET https://api.github.com/repos/y/actions/secrets/public-key {"message":"Not Found","documentation_url":"https://docs.github.com/rest"}
[debug] [2021-11-17T05:41:25.590Z] >>> [apiv2][query] GET https://api.github.com/repos//actions/secrets/public-key type=owner
[debug] [2021-11-17T05:41:25.740Z] <<< [apiv2][status] GET https://api.github.com/repos//actions/secrets/public-key 404
[debug] [2021-11-17T05:41:25.741Z] <<< [apiv2][body] GET https://api.github.com/repos//actions/secrets/public-key {"message":"Not Found","documentation_url":"https://docs.github.com/rest"}
